  [1m[35m (27.7ms)[0m  [1m[34mSELECT sqlite_version(*)[0m
  [1m[35m (113.6ms)[0m  [1m[35mCREATE TABLE "schema_migrations" ("version" varchar NOT NULL PRIMARY KEY)[0m
  [1m[35m (99.6ms)[0m  [1m[35mCREATE TABLE "ar_internal_metadata" ("key" varchar NOT NULL PRIMARY KEY, "value" varchar, "created_at" datetime(6) NOT NULL, "updated_at" datetime(6) NOT NULL)[0m
  [1m[35m (0.2ms)[0m  [1m[34mSELECT "schema_migrations"."version" FROM "schema_migrations" ORDER BY "schema_migrations"."version" ASC[0m
Migrating to CreateLands (20200708020304)
  [1m[35m (0.0ms)[0m  [1m[36mbegin transaction[0m
  [1m[35m (0.7ms)[0m  [1m[35mCREATE TABLE "lands" ("id" integer PRIMARY KEY AUTOINCREMENT NOT NULL, "name" varchar, "description" varchar, "created_at" datetime(6) NOT NULL, "updated_at" datetime(6) NOT NULL)[0m
  [1m[36mprimary::SchemaMigration Create (0.2ms)[0m  [1m[32mINSERT INTO "schema_migrations" ("version") VALUES (?)[0m  [["version", "20200708020304"]]
  [1m[35m (79.8ms)[0m  [1m[36mcommit transaction[0m
  [1m[36mActiveRecord::InternalMetadata Load (0.2ms)[0m  [1m[34mSELECT "ar_internal_metadata".* FROM "ar_internal_metadata" WHERE "ar_internal_metadata"."key" = ? LIMIT ?[0m  [["key", "environment"], ["LIMIT", 1]]
  [1m[35m (0.0ms)[0m  [1m[36mbegin transaction[0m
  [1m[36mActiveRecord::InternalMetadata Create (0.7ms)[0m  [1m[32mINSERT INTO "ar_internal_metadata" ("key", "value", "created_at", "updated_at") VALUES (?, ?, ?, ?)[0m  [["key", "environment"], ["value", "development"], ["created_at", "2020-07-08 02:06:07.299830"], ["updated_at", "2020-07-08 02:06:07.299830"]]
  [1m[35m (93.5ms)[0m  [1m[36mcommit transaction[0m
  [1m[35m (0.0ms)[0m  [1m[34mSELECT sqlite_version(*)[0m
  [1m[35m (0.1ms)[0m  [1m[34mSELECT "schema_migrations"."version" FROM "schema_migrations" ORDER BY "schema_migrations"."version" ASC[0m
Started GET "/" for 127.0.0.1 at 2020-07-09 17:21:43 -0400
  [1m[35m (27.6ms)[0m  [1m[34mSELECT sqlite_version(*)[0m
  [1m[35m (0.2ms)[0m  [1m[34mSELECT "schema_migrations"."version" FROM "schema_migrations" ORDER BY "schema_migrations"."version" ASC[0m
Processing by Rails::WelcomeController#index as HTML
  Rendering C:/Ruby26-x64/lib/ruby/gems/2.6.0/gems/railties-6.0.3.2/lib/rails/templates/rails/welcome/index.html.erb
  Rendered C:/Ruby26-x64/lib/ruby/gems/2.6.0/gems/railties-6.0.3.2/lib/rails/templates/rails/welcome/index.html.erb (Duration: 64.6ms | Allocations: 416)
Completed 200 OK in 167ms (Views: 119.3ms | ActiveRecord: 0.0ms | Allocations: 2221)


Started GET "/favicon.ico" for 127.0.0.1 at 2020-07-09 17:21:44 -0400
  
ActionController::RoutingError (No route matches [GET] "/favicon.ico"):
  
actionpack (6.0.3.2) lib/action_dispatch/middleware/debug_exceptions.rb:36:in `call'
actionpack (6.0.3.2) lib/action_dispatch/middleware/show_exceptions.rb:33:in `call'
railties (6.0.3.2) lib/rails/rack/logger.rb:37:in `call_app'
railties (6.0.3.2) lib/rails/rack/logger.rb:26:in `block in call'
activesupport (6.0.3.2) lib/active_support/tagged_logging.rb:80:in `block in tagged'
activesupport (6.0.3.2) lib/active_support/tagged_logging.rb:28:in `tagged'
activesupport (6.0.3.2) lib/active_support/tagged_logging.rb:80:in `tagged'
railties (6.0.3.2) lib/rails/rack/logger.rb:26:in `call'
actionpack (6.0.3.2) lib/action_dispatch/middleware/remote_ip.rb:81:in `call'
actionpack (6.0.3.2) lib/action_dispatch/middleware/request_id.rb:27:in `call'
rack (2.2.3) lib/rack/runtime.rb:22:in `call'
activesupport (6.0.3.2) lib/active_support/cache/strategy/local_cache_middleware.rb:29:in `call'
actionpack (6.0.3.2) lib/action_dispatch/middleware/executor.rb:14:in `call'
actionpack (6.0.3.2) lib/action_dispatch/middleware/static.rb:126:in `call'
rack (2.2.3) lib/rack/sendfile.rb:110:in `call'
actionpack (6.0.3.2) lib/action_dispatch/middleware/host_authorization.rb:82:in `call'
rack-cors (1.1.1) lib/rack/cors.rb:100:in `call'
railties (6.0.3.2) lib/rails/engine.rb:527:in `call'
puma (4.3.5) lib/puma/configuration.rb:228:in `call'
puma (4.3.5) lib/puma/server.rb:713:in `handle_request'
puma (4.3.5) lib/puma/server.rb:472:in `process_client'
puma (4.3.5) lib/puma/server.rb:328:in `block in run'
puma (4.3.5) lib/puma/thread_pool.rb:134:in `block in spawn_thread'
Started GET "/lands" for 127.0.0.1 at 2020-07-09 17:21:48 -0400
Processing by LandsController#index as HTML
  [1m[36mLand Load (0.3ms)[0m  [1m[34mSELECT "lands".* FROM "lands"[0m
  ↳ app/controllers/lands_controller.rb:6:in `index'
Completed 200 OK in 27ms (Views: 16.7ms | ActiveRecord: 0.7ms | Allocations: 1778)


  [1m[35m (2.2ms)[0m  [1m[34mSELECT sqlite_version(*)[0m
  [1m[35m (0.2ms)[0m  [1m[34mSELECT "schema_migrations"."version" FROM "schema_migrations" ORDER BY "schema_migrations"."version" ASC[0m
  [1m[35m (2.2ms)[0m  [1m[34mSELECT sqlite_version(*)[0m
  [1m[35m (0.2ms)[0m  [1m[34mSELECT "schema_migrations"."version" FROM "schema_migrations" ORDER BY "schema_migrations"."version" ASC[0m
  [1m[35m (2.3ms)[0m  [1m[34mSELECT sqlite_version(*)[0m
  [1m[35m (0.2ms)[0m  [1m[34mSELECT "schema_migrations"."version" FROM "schema_migrations" ORDER BY "schema_migrations"."version" ASC[0m
  [1m[35m (0.0ms)[0m  [1m[34mSELECT sqlite_version(*)[0m
  [1m[35m (0.0ms)[0m  [1m[36mbegin transaction[0m
  [1m[36mLand Create (0.8ms)[0m  [1m[32mINSERT INTO "lands" ("name", "description", "created_at", "updated_at") VALUES (?, ?, ?, ?)[0m  [["name", "Eastern Kingdoms"], ["description", "The Eastern Kingdoms (occasionally called Azeroth[1][2][3][4][5][6][7] or the Old World[8]) are the eastern continents on the world of Azeroth.[9] The Eastern Kingdoms is made up from a group of smaller continents (Azeroth, Khaz Modan and Lordaeron) formed from the original continent of Kalimdor following the Great Sundering. The Eastern Kingdoms lie to the east of the Great Sea and to the west of the Forbidding Sea. The central part of the Eastern Kingdoms is dominated by the mountains of Khaz Modan and the Redridge Mountains. Both cover several zones. The Eastern Kingdom's western counterpart is the continent of Kalimdor."], ["created_at", "2020-07-09 22:45:04.463545"], ["updated_at", "2020-07-09 22:45:04.463545"]]
  [1m[35m (65.1ms)[0m  [1m[36mcommit transaction[0m
  [1m[35m (0.0ms)[0m  [1m[36mbegin transaction[0m
  [1m[36mLand Create (0.7ms)[0m  [1m[32mINSERT INTO "lands" ("name", "description", "created_at", "updated_at") VALUES (?, ?, ?, ?)[0m  [["name", "Kalimdor"], ["description", "Kalimdor [ˈkælɪmdɔɹ] (Titan and Darnassian for land of eternal starlight)[1] is one of the main continents of Azeroth. It is located to the west of the Eastern Kingdoms, southwest of Northrend and northwest of Pandaria. The Great Sea lies in between the continents. Kalimdor is home to the night elves, orcs, tauren, trolls, and draenei. Other races present include the ogres, centaur, naga, demons, and other, more minor races."], ["created_at", "2020-07-09 22:45:04.531596"], ["updated_at", "2020-07-09 22:45:04.531596"]]
  [1m[35m (72.3ms)[0m  [1m[36mcommit transaction[0m
  [1m[35m (0.0ms)[0m  [1m[36mbegin transaction[0m
  [1m[36mLand Create (0.7ms)[0m  [1m[32mINSERT INTO "lands" ("name", "description", "created_at", "updated_at") VALUES (?, ?, ?, ?)[0m  [["name", "Northrend"], ["description", "Northrend is the northern, icy continent of the world of Azeroth, and the source of the evil Scourge. It is also the home of Icecrown Citadel, the seat of the malevolent Lich King."], ["created_at", "2020-07-09 22:45:04.606658"], ["updated_at", "2020-07-09 22:45:04.606658"]]
  [1m[35m (105.6ms)[0m  [1m[36mcommit transaction[0m
  [1m[35m (0.0ms)[0m  [1m[36mbegin transaction[0m
  [1m[36mLand Create (0.6ms)[0m  [1m[32mINSERT INTO "lands" ("name", "description", "created_at", "updated_at") VALUES (?, ?, ?, ?)[0m  [["name", "Pandaria"], ["description", "Pandaria ([pɛnˈdɑɹiə], pronunciation with pandaren accent) is the homeland of the pandaren and birthplace of their ancient empire. Located in the southern part of Azeroth,[1] Pandaria was shrouded by a magical mist by its last emperor after the Great Sundering ten thousand years ago, and thus disappeared into myth and legend. Only those pandaren who left their homeland on the back of the great turtle Shen-zin Su, including the renowned pandaren brewmasters,[3] have been seen outside of their homeland since; some even came to the aid of the other races during the Third War."], ["created_at", "2020-07-09 22:45:04.714911"], ["updated_at", "2020-07-09 22:45:04.714911"]]
  [1m[35m (72.3ms)[0m  [1m[36mcommit transaction[0m
  [1m[35m (0.0ms)[0m  [1m[36mbegin transaction[0m
  [1m[36mLand Create (0.7ms)[0m  [1m[32mINSERT INTO "lands" ("name", "description", "created_at", "updated_at") VALUES (?, ?, ?, ?)[0m  [["name", "The Broken Isles"], ["description", "The Broken Isles are a chain of islands located northeast of the raging Maelstrom. Littered with ancient elven ruins, they contain notably the mighty nightborne city of Suramar as well as the long-lost Tomb of Sargeras. The third invasion of the Burning Legion commenced when the sealed portal inside the Tomb was opened again by Gul'dan from the alternate universe."], ["created_at", "2020-07-09 22:45:04.789871"], ["updated_at", "2020-07-09 22:45:04.789871"]]
  [1m[35m (72.3ms)[0m  [1m[36mcommit transaction[0m
  [1m[35m (2.4ms)[0m  [1m[34mSELECT sqlite_version(*)[0m
  [1m[36mLand Load (0.2ms)[0m  [1m[34mSELECT "lands".* FROM "lands" LIMIT ?[0m  [["LIMIT", 11]]
Started GET "/" for 127.0.0.1 at 2020-07-09 18:50:01 -0400
  [1m[35m (2.2ms)[0m  [1m[34mSELECT sqlite_version(*)[0m
  [1m[35m (0.2ms)[0m  [1m[34mSELECT "schema_migrations"."version" FROM "schema_migrations" ORDER BY "schema_migrations"."version" ASC[0m
Processing by Rails::WelcomeController#index as HTML
  Rendering C:/Ruby26-x64/lib/ruby/gems/2.6.0/gems/railties-6.0.3.2/lib/rails/templates/rails/welcome/index.html.erb
  Rendered C:/Ruby26-x64/lib/ruby/gems/2.6.0/gems/railties-6.0.3.2/lib/rails/templates/rails/welcome/index.html.erb (Duration: 6.2ms | Allocations: 416)
Completed 200 OK in 22ms (Views: 14.4ms | ActiveRecord: 0.0ms | Allocations: 2221)


Started GET "/favicon.ico" for 127.0.0.1 at 2020-07-09 18:50:01 -0400
  
ActionController::RoutingError (No route matches [GET] "/favicon.ico"):
  
actionpack (6.0.3.2) lib/action_dispatch/middleware/debug_exceptions.rb:36:in `call'
actionpack (6.0.3.2) lib/action_dispatch/middleware/show_exceptions.rb:33:in `call'
railties (6.0.3.2) lib/rails/rack/logger.rb:37:in `call_app'
railties (6.0.3.2) lib/rails/rack/logger.rb:26:in `block in call'
activesupport (6.0.3.2) lib/active_support/tagged_logging.rb:80:in `block in tagged'
activesupport (6.0.3.2) lib/active_support/tagged_logging.rb:28:in `tagged'
activesupport (6.0.3.2) lib/active_support/tagged_logging.rb:80:in `tagged'
railties (6.0.3.2) lib/rails/rack/logger.rb:26:in `call'
actionpack (6.0.3.2) lib/action_dispatch/middleware/remote_ip.rb:81:in `call'
actionpack (6.0.3.2) lib/action_dispatch/middleware/request_id.rb:27:in `call'
rack (2.2.3) lib/rack/runtime.rb:22:in `call'
activesupport (6.0.3.2) lib/active_support/cache/strategy/local_cache_middleware.rb:29:in `call'
actionpack (6.0.3.2) lib/action_dispatch/middleware/executor.rb:14:in `call'
actionpack (6.0.3.2) lib/action_dispatch/middleware/static.rb:126:in `call'
rack (2.2.3) lib/rack/sendfile.rb:110:in `call'
actionpack (6.0.3.2) lib/action_dispatch/middleware/host_authorization.rb:82:in `call'
rack-cors (1.1.1) lib/rack/cors.rb:100:in `call'
railties (6.0.3.2) lib/rails/engine.rb:527:in `call'
puma (4.3.5) lib/puma/configuration.rb:228:in `call'
puma (4.3.5) lib/puma/server.rb:713:in `handle_request'
puma (4.3.5) lib/puma/server.rb:472:in `process_client'
puma (4.3.5) lib/puma/server.rb:328:in `block in run'
puma (4.3.5) lib/puma/thread_pool.rb:134:in `block in spawn_thread'
Started GET "/lands" for 127.0.0.1 at 2020-07-09 18:50:05 -0400
Processing by LandsController#index as HTML
  [1m[36mLand Load (0.3ms)[0m  [1m[34mSELECT "lands".* FROM "lands"[0m
  ↳ app/controllers/lands_controller.rb:6:in `index'
Completed 200 OK in 11ms (Views: 6.5ms | ActiveRecord: 1.9ms | Allocations: 5888)


Started GET "/lands" for 127.0.0.1 at 2020-07-09 19:03:50 -0400
  [1m[35m (0.1ms)[0m  [1m[34mSELECT sqlite_version(*)[0m
Processing by LandsController#index as HTML
  [1m[36mLand Load (0.3ms)[0m  [1m[34mSELECT "lands".* FROM "lands"[0m
  ↳ app/controllers/lands_controller.rb:6:in `index'
Completed 200 OK in 4ms (Views: 3.7ms | ActiveRecord: 0.3ms | Allocations: 1624)


Started GET "/lands" for 127.0.0.1 at 2020-07-09 20:12:36 -0400
  [1m[35m (2.1ms)[0m  [1m[34mSELECT sqlite_version(*)[0m
  [1m[35m (0.2ms)[0m  [1m[34mSELECT "schema_migrations"."version" FROM "schema_migrations" ORDER BY "schema_migrations"."version" ASC[0m
Processing by LandsController#index as */*
  [1m[36mLand Load (0.2ms)[0m  [1m[34mSELECT "lands".* FROM "lands"[0m
  ↳ app/controllers/lands_controller.rb:6:in `index'
Completed 200 OK in 8ms (Views: 5.0ms | ActiveRecord: 0.9ms | Allocations: 5810)


Started GET "/lands" for 127.0.0.1 at 2020-07-09 20:19:59 -0400
  [1m[35m (2.6ms)[0m  [1m[34mSELECT sqlite_version(*)[0m
  [1m[35m (0.2ms)[0m  [1m[34mSELECT "schema_migrations"."version" FROM "schema_migrations" ORDER BY "schema_migrations"."version" ASC[0m
Processing by LandsController#index as */*
  [1m[36mLand Load (0.2ms)[0m  [1m[34mSELECT "lands".* FROM "lands"[0m
  ↳ app/controllers/lands_controller.rb:6:in `index'
Completed 200 OK in 9ms (Views: 6.2ms | ActiveRecord: 1.0ms | Allocations: 5810)


Started GET "/lands" for 127.0.0.1 at 2020-07-09 20:20:25 -0400
Processing by LandsController#index as */*
  [1m[36mLand Load (0.2ms)[0m  [1m[34mSELECT "lands".* FROM "lands"[0m
  ↳ app/controllers/lands_controller.rb:6:in `index'
Completed 200 OK in 3ms (Views: 2.6ms | ActiveRecord: 0.2ms | Allocations: 1614)


Started GET "/lands" for 127.0.0.1 at 2020-07-09 20:21:39 -0400
Processing by LandsController#index as */*
  [1m[36mLand Load (0.2ms)[0m  [1m[34mSELECT "lands".* FROM "lands"[0m
  ↳ app/controllers/lands_controller.rb:6:in `index'
Completed 200 OK in 3ms (Views: 2.8ms | ActiveRecord: 0.2ms | Allocations: 1614)


Started GET "/lands" for 127.0.0.1 at 2020-07-09 20:23:51 -0400
Processing by LandsController#index as */*
  [1m[36mLand Load (0.3ms)[0m  [1m[34mSELECT "lands".* FROM "lands"[0m
  ↳ app/controllers/lands_controller.rb:6:in `index'
Completed 200 OK in 3ms (Views: 2.5ms | ActiveRecord: 0.3ms | Allocations: 1614)


Started GET "/lands" for 127.0.0.1 at 2020-07-09 20:24:24 -0400
Processing by LandsController#index as */*
  [1m[36mLand Load (0.3ms)[0m  [1m[34mSELECT "lands".* FROM "lands"[0m
  ↳ app/controllers/lands_controller.rb:6:in `index'
Completed 200 OK in 3ms (Views: 2.9ms | ActiveRecord: 0.3ms | Allocations: 1614)


Started GET "/lands" for 127.0.0.1 at 2020-07-09 20:24:39 -0400
Processing by LandsController#index as */*
  [1m[36mLand Load (0.2ms)[0m  [1m[34mSELECT "lands".* FROM "lands"[0m
  ↳ app/controllers/lands_controller.rb:6:in `index'
Completed 200 OK in 3ms (Views: 2.5ms | ActiveRecord: 0.2ms | Allocations: 1597)


Started GET "/lands" for 127.0.0.1 at 2020-07-09 20:25:00 -0400
Processing by LandsController#index as */*
  [1m[36mLand Load (0.2ms)[0m  [1m[34mSELECT "lands".* FROM "lands"[0m
  ↳ app/controllers/lands_controller.rb:6:in `index'
Completed 200 OK in 2ms (Views: 2.1ms | ActiveRecord: 0.2ms | Allocations: 1597)


Started GET "/lands" for 127.0.0.1 at 2020-07-09 20:27:55 -0400
Processing by LandsController#index as */*
  [1m[36mLand Load (0.2ms)[0m  [1m[34mSELECT "lands".* FROM "lands"[0m
  ↳ app/controllers/lands_controller.rb:6:in `index'
Completed 200 OK in 3ms (Views: 2.3ms | ActiveRecord: 0.2ms | Allocations: 1597)


Started GET "/lands" for 127.0.0.1 at 2020-07-09 20:29:57 -0400
Processing by LandsController#index as */*
  [1m[36mLand Load (0.4ms)[0m  [1m[34mSELECT "lands".* FROM "lands"[0m
  ↳ app/controllers/lands_controller.rb:6:in `index'
Completed 200 OK in 4ms (Views: 3.0ms | ActiveRecord: 0.4ms | Allocations: 1597)


Started GET "/lands" for 127.0.0.1 at 2020-07-09 20:33:00 -0400
Processing by LandsController#index as */*
  [1m[36mLand Load (0.2ms)[0m  [1m[34mSELECT "lands".* FROM "lands"[0m
  ↳ app/controllers/lands_controller.rb:6:in `index'
Completed 200 OK in 3ms (Views: 2.2ms | ActiveRecord: 0.2ms | Allocations: 1597)


Started GET "/lands" for 127.0.0.1 at 2020-07-09 20:34:36 -0400
Processing by LandsController#index as */*
  [1m[36mLand Load (0.2ms)[0m  [1m[34mSELECT "lands".* FROM "lands"[0m
  ↳ app/controllers/lands_controller.rb:6:in `index'
Completed 200 OK in 3ms (Views: 2.3ms | ActiveRecord: 0.2ms | Allocations: 1597)


Started GET "/lands" for 127.0.0.1 at 2020-07-09 20:34:57 -0400
Processing by LandsController#index as */*
  [1m[36mLand Load (0.2ms)[0m  [1m[34mSELECT "lands".* FROM "lands"[0m
  ↳ app/controllers/lands_controller.rb:6:in `index'
Completed 200 OK in 3ms (Views: 2.4ms | ActiveRecord: 0.2ms | Allocations: 1597)


Started GET "/lands" for 127.0.0.1 at 2020-07-09 20:36:49 -0400
Processing by LandsController#index as */*
  [1m[36mLand Load (0.2ms)[0m  [1m[34mSELECT "lands".* FROM "lands"[0m
  ↳ app/controllers/lands_controller.rb:6:in `index'
Completed 200 OK in 3ms (Views: 2.1ms | ActiveRecord: 0.2ms | Allocations: 1597)


Started GET "/lands" for 127.0.0.1 at 2020-07-09 20:37:12 -0400
Processing by LandsController#index as */*
  [1m[36mLand Load (0.3ms)[0m  [1m[34mSELECT "lands".* FROM "lands"[0m
  ↳ app/controllers/lands_controller.rb:6:in `index'
Completed 200 OK in 5ms (Views: 4.3ms | ActiveRecord: 0.3ms | Allocations: 1597)


Started GET "/lands" for 127.0.0.1 at 2020-07-09 20:39:02 -0400
  [1m[35m (2.3ms)[0m  [1m[34mSELECT sqlite_version(*)[0m
  [1m[35m (0.2ms)[0m  [1m[34mSELECT "schema_migrations"."version" FROM "schema_migrations" ORDER BY "schema_migrations"."version" ASC[0m
Processing by LandsController#index as */*
  [1m[36mLand Load (0.2ms)[0m  [1m[34mSELECT "lands".* FROM "lands"[0m
  ↳ app/controllers/lands_controller.rb:6:in `index'
Completed 200 OK in 9ms (Views: 5.5ms | ActiveRecord: 1.0ms | Allocations: 5810)


Started GET "/lands" for 127.0.0.1 at 2020-07-09 20:42:15 -0400
Processing by LandsController#index as */*
  [1m[36mLand Load (0.2ms)[0m  [1m[34mSELECT "lands".* FROM "lands"[0m
  ↳ app/controllers/lands_controller.rb:6:in `index'
Completed 200 OK in 3ms (Views: 2.2ms | ActiveRecord: 0.2ms | Allocations: 1614)


Started GET "/lands" for 127.0.0.1 at 2020-07-09 20:43:34 -0400
Processing by LandsController#index as */*
  [1m[36mLand Load (0.2ms)[0m  [1m[34mSELECT "lands".* FROM "lands"[0m
  ↳ app/controllers/lands_controller.rb:6:in `index'
Completed 200 OK in 3ms (Views: 2.3ms | ActiveRecord: 0.2ms | Allocations: 1614)


Started GET "/lands" for 127.0.0.1 at 2020-07-09 20:44:39 -0400
Processing by LandsController#index as */*
  [1m[36mLand Load (0.2ms)[0m  [1m[34mSELECT "lands".* FROM "lands"[0m
  ↳ app/controllers/lands_controller.rb:6:in `index'
Completed 200 OK in 3ms (Views: 2.6ms | ActiveRecord: 0.2ms | Allocations: 1614)


Started GET "/lands" for 127.0.0.1 at 2020-07-09 20:47:07 -0400
Processing by LandsController#index as */*
  [1m[36mLand Load (0.2ms)[0m  [1m[34mSELECT "lands".* FROM "lands"[0m
  ↳ app/controllers/lands_controller.rb:6:in `index'
Completed 200 OK in 3ms (Views: 2.6ms | ActiveRecord: 0.2ms | Allocations: 1614)


Started GET "/lands" for 127.0.0.1 at 2020-07-09 20:48:32 -0400
Processing by LandsController#index as */*
  [1m[36mLand Load (0.2ms)[0m  [1m[34mSELECT "lands".* FROM "lands"[0m
  ↳ app/controllers/lands_controller.rb:6:in `index'
Completed 200 OK in 3ms (Views: 2.2ms | ActiveRecord: 0.2ms | Allocations: 1597)


Started GET "/lands" for 127.0.0.1 at 2020-07-09 20:53:27 -0400
Processing by LandsController#index as */*
  [1m[36mLand Load (0.2ms)[0m  [1m[34mSELECT "lands".* FROM "lands"[0m
  ↳ app/controllers/lands_controller.rb:6:in `index'
Completed 200 OK in 3ms (Views: 2.2ms | ActiveRecord: 0.2ms | Allocations: 1597)


Started GET "/lands" for 127.0.0.1 at 2020-07-09 20:54:04 -0400
Processing by LandsController#index as */*
  [1m[36mLand Load (0.3ms)[0m  [1m[34mSELECT "lands".* FROM "lands"[0m
  ↳ app/controllers/lands_controller.rb:6:in `index'
Completed 200 OK in 3ms (Views: 2.3ms | ActiveRecord: 0.3ms | Allocations: 1597)


Started GET "/lands" for 127.0.0.1 at 2020-07-09 20:54:15 -0400
Processing by LandsController#index as */*
  [1m[36mLand Load (0.2ms)[0m  [1m[34mSELECT "lands".* FROM "lands"[0m
  ↳ app/controllers/lands_controller.rb:6:in `index'
Completed 200 OK in 2ms (Views: 2.0ms | ActiveRecord: 0.2ms | Allocations: 1597)


Started GET "/lands" for 127.0.0.1 at 2020-07-09 20:54:45 -0400
Processing by LandsController#index as */*
  [1m[36mLand Load (0.3ms)[0m  [1m[34mSELECT "lands".* FROM "lands"[0m
  ↳ app/controllers/lands_controller.rb:6:in `index'
Completed 200 OK in 3ms (Views: 3.0ms | ActiveRecord: 0.3ms | Allocations: 1597)


Started GET "/lands" for 127.0.0.1 at 2020-07-09 20:54:56 -0400
Processing by LandsController#index as */*
  [1m[36mLand Load (0.2ms)[0m  [1m[34mSELECT "lands".* FROM "lands"[0m
  ↳ app/controllers/lands_controller.rb:6:in `index'
Completed 200 OK in 3ms (Views: 2.1ms | ActiveRecord: 0.2ms | Allocations: 1597)


Started GET "/lands" for 127.0.0.1 at 2020-07-09 20:57:23 -0400
Processing by LandsController#index as */*
  [1m[36mLand Load (0.3ms)[0m  [1m[34mSELECT "lands".* FROM "lands"[0m
  ↳ app/controllers/lands_controller.rb:6:in `index'
Completed 200 OK in 3ms (Views: 2.6ms | ActiveRecord: 0.3ms | Allocations: 1597)


Started GET "/lands" for 127.0.0.1 at 2020-07-09 20:58:43 -0400
Processing by LandsController#index as */*
  [1m[36mLand Load (0.2ms)[0m  [1m[34mSELECT "lands".* FROM "lands"[0m
  ↳ app/controllers/lands_controller.rb:6:in `index'
Completed 200 OK in 3ms (Views: 2.6ms | ActiveRecord: 0.2ms | Allocations: 1597)


Started GET "/lands" for 127.0.0.1 at 2020-07-09 20:59:22 -0400
Processing by LandsController#index as */*
  [1m[36mLand Load (0.2ms)[0m  [1m[34mSELECT "lands".* FROM "lands"[0m
  ↳ app/controllers/lands_controller.rb:6:in `index'
Completed 200 OK in 3ms (Views: 2.7ms | ActiveRecord: 0.2ms | Allocations: 1597)


Started GET "/" for 127.0.0.1 at 2020-07-12 15:09:02 -0400
  [1m[35m (11.8ms)[0m  [1m[34mSELECT sqlite_version(*)[0m
  [1m[35m (0.2ms)[0m  [1m[34mSELECT "schema_migrations"."version" FROM "schema_migrations" ORDER BY "schema_migrations"."version" ASC[0m
Processing by Rails::WelcomeController#index as HTML
  Rendering C:/Ruby26-x64/lib/ruby/gems/2.6.0/gems/railties-6.0.3.2/lib/rails/templates/rails/welcome/index.html.erb
  Rendered C:/Ruby26-x64/lib/ruby/gems/2.6.0/gems/railties-6.0.3.2/lib/rails/templates/rails/welcome/index.html.erb (Duration: 38.9ms | Allocations: 416)
Completed 200 OK in 134ms (Views: 90.0ms | ActiveRecord: 0.0ms | Allocations: 2221)


Started GET "/favicon.ico" for 127.0.0.1 at 2020-07-12 15:09:03 -0400
  
ActionController::RoutingError (No route matches [GET] "/favicon.ico"):
  
actionpack (6.0.3.2) lib/action_dispatch/middleware/debug_exceptions.rb:36:in `call'
actionpack (6.0.3.2) lib/action_dispatch/middleware/show_exceptions.rb:33:in `call'
railties (6.0.3.2) lib/rails/rack/logger.rb:37:in `call_app'
railties (6.0.3.2) lib/rails/rack/logger.rb:26:in `block in call'
activesupport (6.0.3.2) lib/active_support/tagged_logging.rb:80:in `block in tagged'
activesupport (6.0.3.2) lib/active_support/tagged_logging.rb:28:in `tagged'
activesupport (6.0.3.2) lib/active_support/tagged_logging.rb:80:in `tagged'
railties (6.0.3.2) lib/rails/rack/logger.rb:26:in `call'
actionpack (6.0.3.2) lib/action_dispatch/middleware/remote_ip.rb:81:in `call'
actionpack (6.0.3.2) lib/action_dispatch/middleware/request_id.rb:27:in `call'
rack (2.2.3) lib/rack/runtime.rb:22:in `call'
activesupport (6.0.3.2) lib/active_support/cache/strategy/local_cache_middleware.rb:29:in `call'
actionpack (6.0.3.2) lib/action_dispatch/middleware/executor.rb:14:in `call'
actionpack (6.0.3.2) lib/action_dispatch/middleware/static.rb:126:in `call'
rack (2.2.3) lib/rack/sendfile.rb:110:in `call'
actionpack (6.0.3.2) lib/action_dispatch/middleware/host_authorization.rb:82:in `call'
rack-cors (1.1.1) lib/rack/cors.rb:100:in `call'
railties (6.0.3.2) lib/rails/engine.rb:527:in `call'
puma (4.3.5) lib/puma/configuration.rb:228:in `call'
puma (4.3.5) lib/puma/server.rb:713:in `handle_request'
puma (4.3.5) lib/puma/server.rb:472:in `process_client'
puma (4.3.5) lib/puma/server.rb:328:in `block in run'
puma (4.3.5) lib/puma/thread_pool.rb:134:in `block in spawn_thread'
Started GET "/lands" for 127.0.0.1 at 2020-07-12 15:09:06 -0400
Processing by LandsController#index as HTML
  [1m[36mLand Load (0.3ms)[0m  [1m[34mSELECT "lands".* FROM "lands"[0m
  ↳ app/controllers/lands_controller.rb:6:in `index'
Completed 200 OK in 40ms (Views: 28.9ms | ActiveRecord: 1.1ms | Allocations: 5888)


Started GET "/lands" for ::1 at 2020-07-12 15:09:34 -0400
Processing by LandsController#index as */*
  [1m[36mLand Load (0.2ms)[0m  [1m[34mSELECT "lands".* FROM "lands"[0m
  ↳ app/controllers/lands_controller.rb:6:in `index'
Completed 200 OK in 2ms (Views: 2.1ms | ActiveRecord: 0.2ms | Allocations: 1615)


Started GET "/lands" for ::1 at 2020-07-12 15:13:11 -0400
Processing by LandsController#index as */*
  [1m[36mLand Load (0.3ms)[0m  [1m[34mSELECT "lands".* FROM "lands"[0m
  ↳ app/controllers/lands_controller.rb:6:in `index'
Completed 200 OK in 4ms (Views: 3.6ms | ActiveRecord: 0.3ms | Allocations: 1614)


Started GET "/lands" for ::1 at 2020-07-12 15:15:46 -0400
Processing by LandsController#index as */*
  [1m[36mLand Load (0.3ms)[0m  [1m[34mSELECT "lands".* FROM "lands"[0m
  ↳ app/controllers/lands_controller.rb:6:in `index'
Completed 200 OK in 3ms (Views: 2.2ms | ActiveRecord: 0.3ms | Allocations: 1614)


Started GET "/lands" for ::1 at 2020-07-12 15:15:51 -0400
Processing by LandsController#index as */*
  [1m[36mLand Load (0.2ms)[0m  [1m[34mSELECT "lands".* FROM "lands"[0m
  ↳ app/controllers/lands_controller.rb:6:in `index'
Completed 200 OK in 3ms (Views: 2.4ms | ActiveRecord: 0.2ms | Allocations: 1597)


Started GET "/lands" for ::1 at 2020-07-12 15:16:42 -0400
Processing by LandsController#index as */*
  [1m[36mLand Load (0.2ms)[0m  [1m[34mSELECT "lands".* FROM "lands"[0m
  ↳ app/controllers/lands_controller.rb:6:in `index'
Completed 200 OK in 3ms (Views: 3.0ms | ActiveRecord: 0.2ms | Allocations: 1597)


Started GET "/lands" for ::1 at 2020-07-12 15:17:00 -0400
Processing by LandsController#index as */*
  [1m[36mLand Load (0.3ms)[0m  [1m[34mSELECT "lands".* FROM "lands"[0m
  ↳ app/controllers/lands_controller.rb:6:in `index'
Completed 200 OK in 8ms (Views: 7.4ms | ActiveRecord: 0.3ms | Allocations: 1599)


Started GET "/lands" for ::1 at 2020-07-12 15:20:04 -0400
Processing by LandsController#index as */*
  [1m[36mLand Load (0.2ms)[0m  [1m[34mSELECT "lands".* FROM "lands"[0m
  ↳ app/controllers/lands_controller.rb:6:in `index'
Completed 200 OK in 3ms (Views: 2.2ms | ActiveRecord: 0.2ms | Allocations: 1597)


Started GET "/lands" for ::1 at 2020-07-12 15:20:53 -0400
Processing by LandsController#index as */*
  [1m[36mLand Load (0.2ms)[0m  [1m[34mSELECT "lands".* FROM "lands"[0m
  ↳ app/controllers/lands_controller.rb:6:in `index'
Completed 200 OK in 3ms (Views: 2.1ms | ActiveRecord: 0.2ms | Allocations: 1597)


Started GET "/lands" for ::1 at 2020-07-12 15:21:32 -0400
Processing by LandsController#index as */*
  [1m[36mLand Load (0.2ms)[0m  [1m[34mSELECT "lands".* FROM "lands"[0m
  ↳ app/controllers/lands_controller.rb:6:in `index'
Completed 200 OK in 3ms (Views: 3.0ms | ActiveRecord: 0.2ms | Allocations: 1597)


Started GET "/lands" for ::1 at 2020-07-12 15:22:11 -0400
Processing by LandsController#index as */*
  [1m[36mLand Load (0.2ms)[0m  [1m[34mSELECT "lands".* FROM "lands"[0m
  ↳ app/controllers/lands_controller.rb:6:in `index'
Completed 200 OK in 3ms (Views: 2.2ms | ActiveRecord: 0.2ms | Allocations: 1597)


Started GET "/lands" for ::1 at 2020-07-12 15:22:29 -0400
Processing by LandsController#index as */*
  [1m[36mLand Load (0.2ms)[0m  [1m[34mSELECT "lands".* FROM "lands"[0m
  ↳ app/controllers/lands_controller.rb:6:in `index'
Completed 200 OK in 3ms (Views: 2.2ms | ActiveRecord: 0.2ms | Allocations: 1597)


Started GET "/lands" for ::1 at 2020-07-12 15:37:37 -0400
  [1m[35m (2.5ms)[0m  [1m[34mSELECT sqlite_version(*)[0m
  [1m[35m (0.2ms)[0m  [1m[34mSELECT "schema_migrations"."version" FROM "schema_migrations" ORDER BY "schema_migrations"."version" ASC[0m
Processing by LandsController#index as */*
  [1m[36mLand Load (0.4ms)[0m  [1m[34mSELECT "lands".* FROM "lands"[0m
  ↳ app/controllers/lands_controller.rb:6:in `index'
Completed 200 OK in 9ms (Views: 5.4ms | ActiveRecord: 1.2ms | Allocations: 5810)


Started GET "/lands" for ::1 at 2020-07-12 15:39:08 -0400
Processing by LandsController#index as */*
  [1m[36mLand Load (0.2ms)[0m  [1m[34mSELECT "lands".* FROM "lands"[0m
  ↳ app/controllers/lands_controller.rb:6:in `index'
Completed 200 OK in 3ms (Views: 2.3ms | ActiveRecord: 0.2ms | Allocations: 1614)


Started GET "/lands" for ::1 at 2020-07-12 15:39:39 -0400
Processing by LandsController#index as */*
  [1m[36mLand Load (0.3ms)[0m  [1m[34mSELECT "lands".* FROM "lands"[0m
  ↳ app/controllers/lands_controller.rb:6:in `index'
Completed 200 OK in 3ms (Views: 2.3ms | ActiveRecord: 0.3ms | Allocations: 1614)


Started GET "/lands" for ::1 at 2020-07-12 15:49:51 -0400
  [1m[35m (0.2ms)[0m  [1m[34mSELECT sqlite_version(*)[0m
Processing by LandsController#index as */*
  [1m[36mLand Load (0.2ms)[0m  [1m[34mSELECT "lands".* FROM "lands"[0m
  ↳ app/controllers/lands_controller.rb:6:in `index'
Completed 200 OK in 3ms (Views: 2.2ms | ActiveRecord: 0.2ms | Allocations: 1626)


Started GET "/lands" for ::1 at 2020-07-12 15:51:16 -0400
Processing by LandsController#index as */*
  [1m[36mLand Load (0.2ms)[0m  [1m[34mSELECT "lands".* FROM "lands"[0m
  ↳ app/controllers/lands_controller.rb:6:in `index'
Completed 200 OK in 3ms (Views: 2.4ms | ActiveRecord: 0.2ms | Allocations: 1614)


Started GET "/lands" for ::1 at 2020-07-12 15:56:44 -0400
  [1m[35m (0.1ms)[0m  [1m[34mSELECT sqlite_version(*)[0m
Processing by LandsController#index as */*
  [1m[36mLand Load (0.2ms)[0m  [1m[34mSELECT "lands".* FROM "lands"[0m
  ↳ app/controllers/lands_controller.rb:6:in `index'
Completed 200 OK in 3ms (Views: 2.5ms | ActiveRecord: 0.2ms | Allocations: 1615)


Started GET "/lands" for ::1 at 2020-07-12 15:57:37 -0400
Processing by LandsController#index as */*
  [1m[36mLand Load (0.2ms)[0m  [1m[34mSELECT "lands".* FROM "lands"[0m
  ↳ app/controllers/lands_controller.rb:6:in `index'
Completed 200 OK in 3ms (Views: 2.5ms | ActiveRecord: 0.2ms | Allocations: 1597)


Started GET "/lands" for ::1 at 2020-07-12 16:29:36 -0400
  [1m[35m (0.1ms)[0m  [1m[34mSELECT sqlite_version(*)[0m
Processing by LandsController#index as */*
  [1m[36mLand Load (0.2ms)[0m  [1m[34mSELECT "lands".* FROM "lands"[0m
  ↳ app/controllers/lands_controller.rb:6:in `index'
Completed 200 OK in 3ms (Views: 2.5ms | ActiveRecord: 0.2ms | Allocations: 1615)


Started GET "/lands" for ::1 at 2020-07-12 16:55:28 -0400
  [1m[35m (0.1ms)[0m  [1m[34mSELECT sqlite_version(*)[0m
Processing by LandsController#index as */*
  [1m[36mLand Load (0.3ms)[0m  [1m[34mSELECT "lands".* FROM "lands"[0m
  ↳ app/controllers/lands_controller.rb:6:in `index'
Completed 200 OK in 3ms (Views: 2.8ms | ActiveRecord: 0.3ms | Allocations: 1615)


Started GET "/lands" for ::1 at 2020-07-12 16:55:34 -0400
Processing by LandsController#index as */*
  [1m[36mLand Load (0.2ms)[0m  [1m[34mSELECT "lands".* FROM "lands"[0m
  ↳ app/controllers/lands_controller.rb:6:in `index'
Completed 200 OK in 4ms (Views: 3.9ms | ActiveRecord: 0.2ms | Allocations: 1597)


Started GET "/lands" for 127.0.0.1 at 2020-07-12 16:59:15 -0400
Processing by LandsController#index as HTML
  [1m[36mLand Load (0.2ms)[0m  [1m[34mSELECT "lands".* FROM "lands"[0m
  ↳ app/controllers/lands_controller.rb:6:in `index'
Completed 200 OK in 3ms (Views: 2.2ms | ActiveRecord: 0.2ms | Allocations: 1596)


Started GET "/lands" for 127.0.0.1 at 2020-07-12 17:50:02 -0400
  [1m[35m (0.0ms)[0m  [1m[34mSELECT sqlite_version(*)[0m
Processing by LandsController#index as HTML
  [1m[36mLand Load (0.3ms)[0m  [1m[34mSELECT "lands".* FROM "lands" LIMIT ?[0m  [["LIMIT", 11]]
  [1m[36mCACHE Land Load (0.0ms)[0m  [1m[34mSELECT "lands".* FROM "lands" LIMIT ?[0m  [["LIMIT", 11]]
Completed 500 Internal Server Error in 96ms (ActiveRecord: 0.0ms | Allocations: 76681)


  [1m[36mCACHE Land Load (0.0ms)[0m  [1m[34mSELECT "lands".* FROM "lands" LIMIT ?[0m  [["LIMIT", 11]]
  
NameError (undefined local variable or method `lands' for #<LandsController:0x0000000007639168>
Did you mean?  @lands
               and):
  
app/controllers/lands_controller.rb:6:in `index'
Started GET "/favicon.ico" for 127.0.0.1 at 2020-07-12 17:50:03 -0400
  
ActionController::RoutingError (No route matches [GET] "/favicon.ico"):
  
actionpack (6.0.3.2) lib/action_dispatch/middleware/debug_exceptions.rb:36:in `call'
actionpack (6.0.3.2) lib/action_dispatch/middleware/show_exceptions.rb:33:in `call'
railties (6.0.3.2) lib/rails/rack/logger.rb:37:in `call_app'
railties (6.0.3.2) lib/rails/rack/logger.rb:26:in `block in call'
activesupport (6.0.3.2) lib/active_support/tagged_logging.rb:80:in `block in tagged'
activesupport (6.0.3.2) lib/active_support/tagged_logging.rb:28:in `tagged'
activesupport (6.0.3.2) lib/active_support/tagged_logging.rb:80:in `tagged'
railties (6.0.3.2) lib/rails/rack/logger.rb:26:in `call'
actionpack (6.0.3.2) lib/action_dispatch/middleware/remote_ip.rb:81:in `call'
actionpack (6.0.3.2) lib/action_dispatch/middleware/request_id.rb:27:in `call'
rack (2.2.3) lib/rack/runtime.rb:22:in `call'
activesupport (6.0.3.2) lib/active_support/cache/strategy/local_cache_middleware.rb:29:in `call'
actionpack (6.0.3.2) lib/action_dispatch/middleware/executor.rb:14:in `call'
actionpack (6.0.3.2) lib/action_dispatch/middleware/static.rb:126:in `call'
rack (2.2.3) lib/rack/sendfile.rb:110:in `call'
actionpack (6.0.3.2) lib/action_dispatch/middleware/host_authorization.rb:82:in `call'
rack-cors (1.1.1) lib/rack/cors.rb:100:in `call'
railties (6.0.3.2) lib/rails/engine.rb:527:in `call'
puma (4.3.5) lib/puma/configuration.rb:228:in `call'
puma (4.3.5) lib/puma/server.rb:713:in `handle_request'
puma (4.3.5) lib/puma/server.rb:472:in `process_client'
puma (4.3.5) lib/puma/server.rb:328:in `block in run'
puma (4.3.5) lib/puma/thread_pool.rb:134:in `block in spawn_thread'
Started POST "/lands" for ::1 at 2020-07-12 17:51:23 -0400
Processing by LandsController#create as */*
  Parameters: {"name"=>"Hello", "land"=>{"name"=>"Hello"}}
  [1m[35m (0.1ms)[0m  [1m[36mbegin transaction[0m
  ↳ app/controllers/lands_controller.rb:16:in `create'
  [1m[36mLand Create (10.7ms)[0m  [1m[32mINSERT INTO "lands" ("name", "created_at", "updated_at") VALUES (?, ?, ?)[0m  [["name", "Hello"], ["created_at", "2020-07-12 21:51:23.874932"], ["updated_at", "2020-07-12 21:51:23.874932"]]
  ↳ app/controllers/lands_controller.rb:16:in `create'
  [1m[35m (91.2ms)[0m  [1m[36mcommit transaction[0m
  ↳ app/controllers/lands_controller.rb:16:in `create'
Completed 204 No Content in 106ms (ActiveRecord: 102.0ms | Allocations: 2548)


Started POST "/lands" for ::1 at 2020-07-12 17:56:20 -0400
  [1m[35m (2.4ms)[0m  [1m[34mSELECT sqlite_version(*)[0m
  [1m[35m (0.2ms)[0m  [1m[34mSELECT "schema_migrations"."version" FROM "schema_migrations" ORDER BY "schema_migrations"."version" ASC[0m
Processing by LandsController#create as */*
  Parameters: {"name"=>"Hello", "land"=>{"name"=>"Hello"}}
  [1m[35m (0.0ms)[0m  [1m[36mbegin transaction[0m
  ↳ app/controllers/lands_controller.rb:16:in `create'
  [1m[36mLand Create (0.7ms)[0m  [1m[32mINSERT INTO "lands" ("name", "created_at", "updated_at") VALUES (?, ?, ?)[0m  [["name", "Hello"], ["created_at", "2020-07-12 21:56:20.732429"], ["updated_at", "2020-07-12 21:56:20.732429"]]
  ↳ app/controllers/lands_controller.rb:16:in `create'
  [1m[35m (78.1ms)[0m  [1m[36mcommit transaction[0m
  ↳ app/controllers/lands_controller.rb:16:in `create'
Completed 200 OK in 94ms (Views: 1.0ms | ActiveRecord: 79.6ms | Allocations: 6060)


Started POST "/lands" for ::1 at 2020-07-12 17:57:26 -0400
Processing by LandsController#create as */*
  Parameters: {"name"=>"Hello", "land"=>{"name"=>"Hello"}}
  [1m[35m (0.0ms)[0m  [1m[36mbegin transaction[0m
  ↳ app/controllers/lands_controller.rb:16:in `create'
  [1m[36mLand Create (0.7ms)[0m  [1m[32mINSERT INTO "lands" ("name", "created_at", "updated_at") VALUES (?, ?, ?)[0m  [["name", "Hello"], ["created_at", "2020-07-12 21:57:26.302038"], ["updated_at", "2020-07-12 21:57:26.302038"]]
  ↳ app/controllers/lands_controller.rb:16:in `create'
  [1m[35m (71.6ms)[0m  [1m[36mcommit transaction[0m
  ↳ app/controllers/lands_controller.rb:16:in `create'
Completed 200 OK in 81ms (Views: 0.3ms | ActiveRecord: 72.4ms | Allocations: 2504)


Started POST "/lands" for ::1 at 2020-07-12 17:57:39 -0400
Processing by LandsController#create as */*
  Parameters: {"name"=>"Hi", "land"=>{"name"=>"Hi"}}
  [1m[35m (0.0ms)[0m  [1m[36mbegin transaction[0m
  ↳ app/controllers/lands_controller.rb:16:in `create'
  [1m[36mLand Create (1.1ms)[0m  [1m[32mINSERT INTO "lands" ("name", "created_at", "updated_at") VALUES (?, ?, ?)[0m  [["name", "Hi"], ["created_at", "2020-07-12 21:57:39.175802"], ["updated_at", "2020-07-12 21:57:39.175802"]]
  ↳ app/controllers/lands_controller.rb:16:in `create'
  [1m[35m (64.8ms)[0m  [1m[36mcommit transaction[0m
  ↳ app/controllers/lands_controller.rb:16:in `create'
Completed 200 OK in 78ms (Views: 0.3ms | ActiveRecord: 65.9ms | Allocations: 2506)


Started GET "/lands" for ::1 at 2020-07-12 19:50:02 -0400
  [1m[35m (6.8ms)[0m  [1m[34mSELECT sqlite_version(*)[0m
  [1m[35m (0.2ms)[0m  [1m[34mSELECT "schema_migrations"."version" FROM "schema_migrations" ORDER BY "schema_migrations"."version" ASC[0m
Processing by LandsController#index as */*
  [1m[36mLand Load (0.3ms)[0m  [1m[34mSELECT "lands".* FROM "lands"[0m
  ↳ app/controllers/lands_controller.rb:6:in `index'
Completed 200 OK in 14ms (Views: 6.3ms | ActiveRecord: 1.0ms | Allocations: 6453)


Started GET "/lands" for ::1 at 2020-07-12 19:54:55 -0400
Processing by LandsController#index as */*
  [1m[36mLand Load (0.2ms)[0m  [1m[34mSELECT "lands".* FROM "lands"[0m
  ↳ app/controllers/lands_controller.rb:6:in `index'
Completed 200 OK in 3ms (Views: 2.8ms | ActiveRecord: 0.2ms | Allocations: 2191)


Started GET "/lands" for ::1 at 2020-07-12 19:55:01 -0400
Processing by LandsController#index as */*
  [1m[36mLand Load (0.2ms)[0m  [1m[34mSELECT "lands".* FROM "lands"[0m
  ↳ app/controllers/lands_controller.rb:6:in `index'
Completed 200 OK in 4ms (Views: 3.9ms | ActiveRecord: 0.2ms | Allocations: 2191)


